e:\workspace\dateupload\trunk\ehl.ftpdata.proc\release\user_plug_prcdata.obj
e:\workspace\dateupload\trunk\ehl.ftpdata.proc\release\c_windows_service.obj
e:\workspace\dateupload\trunk\ehl.ftpdata.proc\release\send_datafile.obj
e:\workspace\dateupload\trunk\ehl.ftpdata.proc\release\public.obj
e:\workspace\dateupload\trunk\ehl.ftpdata.proc\release\ftp_data.obj
e:\workspace\dateupload\trunk\ehl.ftpdata.proc\release\check_file_path.obj
e:\workspace\dateupload\trunk\ehl.ftpdata.proc\release\vc100.pdb
e:\workspace\dateupload\trunk\relase\ehl.ftpdata.proc.exe
e:\workspace\dateupload\trunk\ehl.ftpdata.proc\release\ehl.ftpdata.proc.exe.intermediate.manifest
e:\workspace\dateupload\trunk\relase\ehl.ftpdata.proc.pdb
d:\ehl\src\datatoehl\ehl.ftpdata.proc\release\vc120.pdb
d:\ehl\src\datatoehl\ehl.ftpdata.proc\release\user_plug_prcdata.obj
d:\ehl\src\datatoehl\ehl.ftpdata.proc\release\c_windows_service.obj
d:\ehl\src\datatoehl\ehl.ftpdata.proc\release\send_datafile.obj
d:\ehl\src\datatoehl\ehl.ftpdata.proc\release\public.obj
d:\ehl\src\datatoehl\ehl.ftpdata.proc\release\ftp_data.obj
d:\ehl\src\datatoehl\ehl.ftpdata.proc\release\check_file_path.obj
c:\workspace\dateupload\trunk\ehl.ftpdata.proc\release\vc120.pdb
c:\workspace\dateupload\trunk\ehl.ftpdata.proc\release\user_plug_prcdata.obj
c:\workspace\dateupload\trunk\ehl.ftpdata.proc\release\c_windows_service.obj
c:\workspace\dateupload\trunk\ehl.ftpdata.proc\release\send_datafile.obj
c:\workspace\dateupload\trunk\ehl.ftpdata.proc\release\public.obj
c:\workspace\dateupload\trunk\ehl.ftpdata.proc\release\ftp_data.obj
c:\workspace\dateupload\trunk\ehl.ftpdata.proc\release\check_file_path.obj
d:\ehl\src\datatoehl\relase\ehl.ftpdata.proc.exe
d:\ehl\src\datatoehl\relase\ehl.ftpdata.proc.pdb
c:\workspace\dateupload\trunk\ehl.ftpdata.proc\release\cl.command.1.tlog
c:\workspace\dateupload\trunk\ehl.ftpdata.proc\release\cl.read.1.tlog
c:\workspace\dateupload\trunk\ehl.ftpdata.proc\release\cl.write.1.tlog
c:\workspace\dateupload\trunk\ehl.ftpdata.proc\release\link.command.1.tlog
c:\workspace\dateupload\trunk\ehl.ftpdata.proc\release\link.read.1.tlog
c:\workspace\dateupload\trunk\ehl.ftpdata.proc\release\link.write.1.tlog
c:\workspace\dateupload\trunk\ehl.ftpdata.proc\release\mt.command.1.tlog
c:\workspace\dateupload\trunk\ehl.ftpdata.proc\release\mt.read.1.tlog
c:\workspace\dateupload\trunk\ehl.ftpdata.proc\release\mt.write.1.tlog
c:\workspace\dateupload\trunk\ehl.ftpdata.proc\release\ehl.ftpdata.proc.exe.intermediate.manifest
c:\workspace\dateupload\trunk\ehl.ftpdata.proc\release\vc100.pdb
c:\workspace\dateupload\trunk\ehl.ftpdata.proc\release\..\..\relase\ehl.ftpdata.proc.pdb
c:\workspace\dateupload\trunk\ehl.ftpdata.proc\release\ehl.ftpdata.proc.tlog\cl.command.1.tlog
c:\workspace\dateupload\trunk\ehl.ftpdata.proc\release\ehl.ftpdata.proc.tlog\cl.read.1.tlog
c:\workspace\dateupload\trunk\ehl.ftpdata.proc\release\ehl.ftpdata.proc.tlog\cl.write.1.tlog
c:\workspace\dateupload\trunk\ehl.ftpdata.proc\release\ehl.ftpdata.proc.tlog\link-cvtres.read.1.tlog
c:\workspace\dateupload\trunk\ehl.ftpdata.proc\release\ehl.ftpdata.proc.tlog\link-cvtres.write.1.tlog
c:\workspace\dateupload\trunk\ehl.ftpdata.proc\release\ehl.ftpdata.proc.tlog\link-rc.read.1.tlog
c:\workspace\dateupload\trunk\ehl.ftpdata.proc\release\ehl.ftpdata.proc.tlog\link-rc.write.1.tlog
c:\workspace\dateupload\trunk\ehl.ftpdata.proc\release\ehl.ftpdata.proc.tlog\link.command.1.tlog
c:\workspace\dateupload\trunk\ehl.ftpdata.proc\release\ehl.ftpdata.proc.tlog\link.read.1.tlog
c:\workspace\dateupload\trunk\ehl.ftpdata.proc\release\ehl.ftpdata.proc.tlog\link.write.1.tlog
