生成启动时间为 16/9/13 10:29:31。
     1>项目“E:\workspace\DateUpload\trunk\ehl.ftpdata.proc\FTP_Data.vcxproj”在节点 2 上(Rebuild 个目标)。
     1>C:\Program Files (x86)\MSBuild\Microsoft.Cpp\v4.0\V120\Microsoft.CppBuild.targets(381,5): warning MSB8028: The intermediate directory (Debug\) contains files shared from another project (ehl.ftpdata.proc.vcxproj).  This can lead to incorrect clean and rebuild behavior.
     1>ClCompile:
         C:\Program Files (x86)\Microsoft Visual Studio 12.0\VC\bin\CL.exe /c /ZI /nologo /W3 /WX- /Od /Oy- /D WIN32 /D _DEBUG /D _CONSOLE /D _MBCS /Gm /EHsc /RTC1 /MDd /GS /fp:precise /Zc:wchar_t /Zc:forScope /Fo"Debug\\" /Fd"Debug\vc120.pdb" /Gd /TP /analyze- /errorReport:prompt check_file_path.cpp FTP_Data.cpp public.cpp send_datafile.cpp
         send_datafile.cpp
     1>e:\workspace\dateupload\trunk\ehl.ftpdata.proc\send_datafile.cpp(32): warning C4258: “i”: 忽略 For 循环中的定义；使用封闭范围中的定义
                 e:\workspace\dateupload\trunk\ehl.ftpdata.proc\send_datafile.cpp(20) : 忽略“i”的定义
                 e:\workspace\dateupload\trunk\ehl.ftpdata.proc\send_datafile.cpp(14) : 使用“i”的定义
     1>e:\workspace\dateupload\trunk\ehl.ftpdata.proc\send_datafile.cpp(99): warning C4996: 'sprintf': This function or variable may be unsafe. Consider using sprintf_s instead. To disable deprecation, use _CRT_SECURE_NO_WARNINGS. See online help for details.
                 c:\program files (x86)\microsoft visual studio 12.0\vc\include\stdio.h(356) : 参见“sprintf”的声明
     1>e:\workspace\dateupload\trunk\ehl.ftpdata.proc\send_datafile.cpp(184): warning C4996: 'sprintf': This function or variable may be unsafe. Consider using sprintf_s instead. To disable deprecation, use _CRT_SECURE_NO_WARNINGS. See online help for details.
                 c:\program files (x86)\microsoft visual studio 12.0\vc\include\stdio.h(356) : 参见“sprintf”的声明
         public.cpp
         FTP_Data.cpp
         check_file_path.cpp
     1>e:\workspace\dateupload\trunk\ehl.ftpdata.proc\check_file_path.cpp(57): warning C4996: 'sprintf': This function or variable may be unsafe. Consider using sprintf_s instead. To disable deprecation, use _CRT_SECURE_NO_WARNINGS. See online help for details.
                 c:\program files (x86)\microsoft visual studio 12.0\vc\include\stdio.h(356) : 参见“sprintf”的声明
     1>e:\workspace\dateupload\trunk\ehl.ftpdata.proc\check_file_path.cpp(74): warning C4996: 'mkdir': The POSIX name for this item is deprecated. Instead, use the ISO C++ conformant name: _mkdir. See online help for details.
                 c:\program files (x86)\microsoft visual studio 12.0\vc\include\direct.h(140) : 参见“mkdir”的声明
         正在生成代码...
       Link:
         C:\Program Files (x86)\Microsoft Visual Studio 12.0\VC\bin\link.exe /ERRORREPORT:PROMPT /OUT:"E:\workspace\DateUpload\trunk\ehl.ftpdata.proc\Debug\FTP_Data.exe" /INCREMENTAL /NOLOGO shlwapi.lib kernel32.lib user32.lib gdi32.lib winspool.lib comdlg32.lib advapi32.lib shell32.lib ole32.lib oleaut32.lib uuid.lib odbc32.lib odbccp32.lib /MANIFEST /MANIFESTUAC:"level='asInvoker' uiAccess='false'" /manifest:embed /DEBUG /PDB:"E:\workspace\DateUpload\trunk\ehl.ftpdata.proc\Debug\FTP_Data.pdb" /SUBSYSTEM:CONSOLE /TLBID:1 /DYNAMICBASE /NXCOMPAT /IMPLIB:"E:\workspace\DateUpload\trunk\ehl.ftpdata.proc\Debug\FTP_Data.lib" /MACHINE:X86 /SAFESEH Debug\check_file_path.obj
         Debug\FTP_Data.obj
         Debug\public.obj
         Debug\send_datafile.obj
         xxlib\libini\ini_oper.lib
         xxlib\libftp\lib_ftpget.lib
     1>LINK : fatal error LNK1104: 无法打开文件“xxlib\libftp\lib_ftpget.lib”
     1>已完成生成项目“E:\workspace\DateUpload\trunk\ehl.ftpdata.proc\FTP_Data.vcxproj”(Rebuild 个目标)的操作 - 失败。

生成失败。

已用时间 00:00:05.48
