e:\workspace\dateupload\trunk\ehl.ftpdata.proc\debug\vc120.pdb
e:\workspace\dateupload\trunk\ehl.ftpdata.proc\debug\vc120.idb
e:\workspace\dateupload\trunk\ehl.ftpdata.proc\debug\check_file_path.obj
e:\workspace\dateupload\trunk\ehl.ftpdata.proc\debug\ftp_data.obj
e:\workspace\dateupload\trunk\ehl.ftpdata.proc\debug\public.obj
e:\workspace\dateupload\trunk\ehl.ftpdata.proc\debug\send_datafile.obj
e:\workspace\dateupload\trunk\ehl.ftpdata.proc\debug\c_windows_service.obj
e:\workspace\dateupload\trunk\ehl.ftpdata.proc\debug\user_plug_prcdata.obj
e:\workspace\dateupload\trunk\bin\ehl.ftpdata.proc.ilk
e:\workspace\dateupload\trunk\bin\ehl.ftpdata.proc.exe
e:\workspace\dateupload\trunk\bin\ehl.ftpdata.proc.pdb
e:\workspace\dateupload\trunk\ehl.ehldata.save\debug\..\..\bin\ehl.ftpdata.proc.pdb
e:\workspace\dateupload\trunk\ehl.ehldata.save\debug\..\..\bin\ehl.ftpdata.proc.exe
e:\workspace\dateupload\trunk\ehl.ehldata.save\debug\..\..\bin\ehl.ftpdata.proc.ilk
e:\workspace\dateupload\trunk\ehl.ftpdata.proc\debug\ehl.ftpdata.proc.tlog\cl.command.1.tlog
e:\workspace\dateupload\trunk\ehl.ftpdata.proc\debug\ehl.ftpdata.proc.tlog\cl.read.1.tlog
e:\workspace\dateupload\trunk\ehl.ftpdata.proc\debug\ehl.ftpdata.proc.tlog\cl.write.1.tlog
e:\workspace\dateupload\trunk\ehl.ftpdata.proc\debug\ehl.ftpdata.proc.tlog\link.command.1.tlog
e:\workspace\dateupload\trunk\ehl.ftpdata.proc\debug\ehl.ftpdata.proc.tlog\link.read.1.tlog
e:\workspace\dateupload\trunk\ehl.ftpdata.proc\debug\ehl.ftpdata.proc.tlog\link.write.1.tlog
