e:\workspace\dateupload\trunk\ehl.ftpdata.proc\release\user_plug_prcdata.obj
e:\workspace\dateupload\trunk\ehl.ftpdata.proc\release\c_windows_service.obj
e:\workspace\dateupload\trunk\ehl.ftpdata.proc\release\send_datafile.obj
e:\workspace\dateupload\trunk\ehl.ftpdata.proc\release\public.obj
e:\workspace\dateupload\trunk\ehl.ftpdata.proc\release\ftp_data.obj
e:\workspace\dateupload\trunk\ehl.ftpdata.proc\release\check_file_path.obj
e:\workspace\dateupload\trunk\ehl.ftpdata.proc\release\vc100.pdb
e:\workspace\dateupload\trunk\relase\ehl.ftpdata.proc.exe
e:\workspace\dateupload\trunk\ehl.ftpdata.proc\release\ehl.ftpdata.proc.exe.intermediate.manifest
e:\workspace\dateupload\trunk\relase\ehl.ftpdata.proc.pdb
e:\workspace\dateupload\trunk\xx.ftpdata.proc\release\check_file_path.obj
e:\workspace\dateupload\trunk\xx.ftpdata.proc\release\c_windows_service.obj
e:\workspace\dateupload\trunk\xx.ftpdata.proc\release\ftp_data.obj
e:\workspace\dateupload\trunk\xx.ftpdata.proc\release\public.obj
e:\workspace\dateupload\trunk\xx.ftpdata.proc\release\send_datafile.obj
e:\workspace\dateupload\trunk\xx.ftpdata.proc\release\user_plug_prcdata.obj
e:\workspace\dateupload\trunk\xx.ftpdata.proc\release\cl.command.1.tlog
e:\workspace\dateupload\trunk\xx.ftpdata.proc\release\cl.read.1.tlog
e:\workspace\dateupload\trunk\xx.ftpdata.proc\release\cl.write.1.tlog
e:\workspace\dateupload\trunk\xx.ftpdata.proc\release\link.command.1.tlog
e:\workspace\dateupload\trunk\xx.ftpdata.proc\release\link.read.1.tlog
e:\workspace\dateupload\trunk\xx.ftpdata.proc\release\link.write.1.tlog
e:\workspace\dateupload\trunk\xx.ftpdata.proc\release\mt.command.1.tlog
e:\workspace\dateupload\trunk\xx.ftpdata.proc\release\mt.read.1.tlog
e:\workspace\dateupload\trunk\xx.ftpdata.proc\release\mt.write.1.tlog
e:\workspace\dateupload\trunk\xx.ftpdata.proc\release\ehl.ftpdata.proc.exe.intermediate.manifest
e:\workspace\dateupload\trunk\xx.ftpdata.proc\release\vc100.pdb
e:\workspace\dateupload\trunk\xx.ftpdata.proc\release\..\..\relase\ehl.ftpdata.proc.pdb
e:\workspace\dateupload\trunk\xx.ftpdata.proc\release\..\..\relase\ehl.ftpdata.proc.exe
