e:\workspace\dateupload\trunk\ehl.ehldata.save\debug\vc120.pdb
e:\workspace\dateupload\trunk\ehl.ehldata.save\debug\vc120.idb
e:\workspace\dateupload\trunk\ehl.ehldata.save\debug\ehl.ftpdata.save.obj
e:\workspace\dateupload\trunk\ehl.ehldata.save\debug\ehl_webref.obj
e:\workspace\dateupload\trunk\ehl.ehldata.save\debug\soapc.obj
e:\workspace\dateupload\trunk\ehl.ehldata.save\debug\soapclient.obj
e:\workspace\dateupload\trunk\ehl.ehldata.save\debug\stdsoap2.obj
e:\workspace\dateupload\trunk\bin\ehl.ftpdata.ehlsave.lib
e:\workspace\dateupload\trunk\bin\ehl.ftpdata.ehlsave.exp
e:\workspace\dateupload\trunk\bin\ehl.ftpdata.ehlsave.ilk
e:\workspace\dateupload\trunk\bin\ehl.ftpdata.ehlsave.dll
e:\workspace\dateupload\trunk\bin\ehl.ftpdata.ehlsave.pdb
e:\workspace\dateupload\trunk\ehl.ehldata.save\debug\..\..\bin\ehl.ftpdata.ehlsave.pdb
e:\workspace\dateupload\trunk\ehl.ehldata.save\debug\..\..\bin\ehl.ftpdata.ehlsave.dll
e:\workspace\dateupload\trunk\ehl.ehldata.save\debug\..\..\bin\ehl.ftpdata.ehlsave.ilk
e:\workspace\dateupload\trunk\ehl.ehldata.save\debug\ehl.ftpd.d4949f4f.tlog\cl.command.1.tlog
e:\workspace\dateupload\trunk\ehl.ehldata.save\debug\ehl.ftpd.d4949f4f.tlog\cl.read.1.tlog
e:\workspace\dateupload\trunk\ehl.ehldata.save\debug\ehl.ftpd.d4949f4f.tlog\cl.write.1.tlog
e:\workspace\dateupload\trunk\ehl.ehldata.save\debug\ehl.ftpd.d4949f4f.tlog\ehl.ftpdata.ehlsave.write.1u.tlog
e:\workspace\dateupload\trunk\ehl.ehldata.save\debug\ehl.ftpd.d4949f4f.tlog\link.command.1.tlog
e:\workspace\dateupload\trunk\ehl.ehldata.save\debug\ehl.ftpd.d4949f4f.tlog\link.read.1.tlog
e:\workspace\dateupload\trunk\ehl.ehldata.save\debug\ehl.ftpd.d4949f4f.tlog\link.write.1.tlog
