e:\workspace\dateupload\trunk\ehl.wxsdata.save\ehl.fptdata.save_wx_v0.2\debug\vc120.pdb
e:\workspace\dateupload\trunk\ehl.wxsdata.save\ehl.fptdata.save_wx_v0.2\debug\vc120.idb
e:\workspace\dateupload\trunk\ehl.wxsdata.save\ehl.fptdata.save_wx_v0.2\debug\ehl.ftpdata.save.obj
e:\workspace\dateupload\trunk\ehl.wxsdata.save\ehl.fptdata.save_wx_v0.2\debug\webref_wxtracert.obj
e:\workspace\dateupload\trunk\ehl.wxsdata.save\bin\ehl.wxsdata.save.lib
e:\workspace\dateupload\trunk\ehl.wxsdata.save\bin\ehl.wxsdata.save.exp
e:\workspace\dateupload\trunk\ehl.wxsdata.save\bin\ehl.wxsdata.save.ilk
e:\workspace\dateupload\trunk\ehl.wxsdata.save\bin\ehl.wxsdata.save.dll
e:\workspace\dateupload\trunk\ehl.wxsdata.save\bin\ehl.wxsdata.save.map
e:\workspace\dateupload\trunk\ehl.wxsdata.save\bin\ehl.wxsdata.save.pdb
e:\workspace\dateupload\trunk\ehl.wxsdata.save\ehl.fptdata.save_wx_v0.2\debug\ehl.ftpdata.save.res
e:\workspace\dateupload\trunk\ehl.wxsdata.save\ehl.fptdata.save_wx_v0.2\debug\..\..\bin\ehl.wxsdata.save.pdb
e:\workspace\dateupload\trunk\ehl.wxsdata.save\ehl.fptdata.save_wx_v0.2\debug\..\..\bin\ehl.wxsdata.save.dll
e:\workspace\dateupload\trunk\ehl.wxsdata.save\ehl.fptdata.save_wx_v0.2\debug\..\..\bin\ehl.wxsdata.save.ilk
e:\workspace\dateupload\trunk\ehl.wxsdata.save\ehl.fptdata.save_wx_v0.2\debug\ehl.wxsdata.save.tlog\cl.command.1.tlog
e:\workspace\dateupload\trunk\ehl.wxsdata.save\ehl.fptdata.save_wx_v0.2\debug\ehl.wxsdata.save.tlog\cl.read.1.tlog
e:\workspace\dateupload\trunk\ehl.wxsdata.save\ehl.fptdata.save_wx_v0.2\debug\ehl.wxsdata.save.tlog\cl.write.1.tlog
e:\workspace\dateupload\trunk\ehl.wxsdata.save\ehl.fptdata.save_wx_v0.2\debug\ehl.wxsdata.save.tlog\ehl.wxsdata.save.write.1u.tlog
e:\workspace\dateupload\trunk\ehl.wxsdata.save\ehl.fptdata.save_wx_v0.2\debug\ehl.wxsdata.save.tlog\link.command.1.tlog
e:\workspace\dateupload\trunk\ehl.wxsdata.save\ehl.fptdata.save_wx_v0.2\debug\ehl.wxsdata.save.tlog\link.read.1.tlog
e:\workspace\dateupload\trunk\ehl.wxsdata.save\ehl.fptdata.save_wx_v0.2\debug\ehl.wxsdata.save.tlog\link.write.1.tlog
e:\workspace\dateupload\trunk\ehl.wxsdata.save\ehl.fptdata.save_wx_v0.2\debug\ehl.wxsdata.save.tlog\rc.command.1.tlog
e:\workspace\dateupload\trunk\ehl.wxsdata.save\ehl.fptdata.save_wx_v0.2\debug\ehl.wxsdata.save.tlog\rc.read.1.tlog
e:\workspace\dateupload\trunk\ehl.wxsdata.save\ehl.fptdata.save_wx_v0.2\debug\ehl.wxsdata.save.tlog\rc.write.1.tlog
