生成启动时间为 2016/12/15 15:36:24。
     1>项目“C:\workspace\DateUpload\trunk\ehl.wxsdata.save\ehl.fptdata.save_wx_v0.2\ehl.fptdata.save.vcxproj”在节点 2 上(Rebuild 个目标)。
     1>C:\Program Files (x86)\MSBuild\Microsoft.Cpp\v4.0\V120\Microsoft.CppBuild.targets(357,5): warning MSB8004: Output Directory does not end with a trailing slash.  This build instance will add the slash as it is required to allow proper evaluation of the Output Directory.
     1>C:\Program Files (x86)\MSBuild\Microsoft.Cpp\v4.0\V120\Microsoft.CppBuild.targets(381,5): warning MSB8028: The intermediate directory (Release\) contains files shared from another project (ehl.ftpdata.save.vcxproj).  This can lead to incorrect clean and rebuild behavior.
     1>ClCompile:
         C:\Program Files (x86)\Microsoft Visual Studio 12.0\VC\bin\CL.exe /c /Zi /nologo /W3 /WX- /O2 /Oi /Oy- /GL /D WIN32 /D NDEBUG /D _WINDOWS /D _USRDLL /D EHLFPTDATASAVE_EXPORTS /D _WINDLL /D _MBCS /Gm- /EHsc /MD /GS /Gy /fp:precise /Zc:wchar_t /Zc:forScope /Fo"Release\\" /Fd"Release\vc120.pdb" /Gd /TP /analyze- /errorReport:prompt ehl.ftpdata.save.cpp lib\chinese_code\chinese_code.cpp webref\wxtracert\webref_wxtracert.cpp
         ehl.ftpdata.save.cpp
     1>c:\workspace\dateupload\trunk\ehl.wxsdata.save\ehl.fptdata.save_wx_v0.2\lib\c_time.h(299): warning C4996: 'sprintf': This function or variable may be unsafe. Consider using sprintf_s instead. To disable deprecation, use _CRT_SECURE_NO_WARNINGS. See online help for details.
                 C:\Program Files (x86)\Microsoft Visual Studio 12.0\VC\include\stdio.h(356) : 参见“sprintf”的声明
     1>c:\workspace\dateupload\trunk\ehl.wxsdata.save\ehl.fptdata.save_wx_v0.2\lib\c_time.h(307): warning C4996: 'sprintf': This function or variable may be unsafe. Consider using sprintf_s instead. To disable deprecation, use _CRT_SECURE_NO_WARNINGS. See online help for details.
                 C:\Program Files (x86)\Microsoft Visual Studio 12.0\VC\include\stdio.h(356) : 参见“sprintf”的声明
     1>c:\workspace\dateupload\trunk\ehl.wxsdata.save\ehl.fptdata.save_wx_v0.2\lib\c_time.h(319): warning C4996: 'sprintf': This function or variable may be unsafe. Consider using sprintf_s instead. To disable deprecation, use _CRT_SECURE_NO_WARNINGS. See online help for details.
                 C:\Program Files (x86)\Microsoft Visual Studio 12.0\VC\include\stdio.h(356) : 参见“sprintf”的声明
     1>c:\workspace\dateupload\trunk\ehl.wxsdata.save\ehl.fptdata.save_wx_v0.2\lib\c_time.h(327): warning C4996: 'sprintf': This function or variable may be unsafe. Consider using sprintf_s instead. To disable deprecation, use _CRT_SECURE_NO_WARNINGS. See online help for details.
                 C:\Program Files (x86)\Microsoft Visual Studio 12.0\VC\include\stdio.h(356) : 参见“sprintf”的声明
     1>c:\workspace\dateupload\trunk\ehl.wxsdata.save\ehl.fptdata.save_wx_v0.2\lib\c_time.h(338): warning C4996: 'sprintf': This function or variable may be unsafe. Consider using sprintf_s instead. To disable deprecation, use _CRT_SECURE_NO_WARNINGS. See online help for details.
                 C:\Program Files (x86)\Microsoft Visual Studio 12.0\VC\include\stdio.h(356) : 参见“sprintf”的声明
     1>c:\workspace\dateupload\trunk\ehl.wxsdata.save\ehl.fptdata.save_wx_v0.2\lib\c_time.h(347): warning C4996: 'sprintf': This function or variable may be unsafe. Consider using sprintf_s instead. To disable deprecation, use _CRT_SECURE_NO_WARNINGS. See online help for details.
                 C:\Program Files (x86)\Microsoft Visual Studio 12.0\VC\include\stdio.h(356) : 参见“sprintf”的声明
     1>c:\workspace\dateupload\trunk\ehl.wxsdata.save\ehl.fptdata.save_wx_v0.2\lib\replace_info.h(30): warning C4996: 'strdup': The POSIX name for this item is deprecated. Instead, use the ISO C++ conformant name: _strdup. See online help for details.
                 C:\Program Files (x86)\Microsoft Visual Studio 12.0\VC\include\string.h(245) : 参见“strdup”的声明
     1>c:\workspace\dateupload\trunk\ehl.wxsdata.save\ehl.fptdata.save_wx_v0.2\lib\check_file_path.h(64): warning C4996: 'sprintf': This function or variable may be unsafe. Consider using sprintf_s instead. To disable deprecation, use _CRT_SECURE_NO_WARNINGS. See online help for details.
                 C:\Program Files (x86)\Microsoft Visual Studio 12.0\VC\include\stdio.h(356) : 参见“sprintf”的声明
     1>c:\workspace\dateupload\trunk\ehl.wxsdata.save\ehl.fptdata.save_wx_v0.2\lib\check_file_path.h(74): warning C4996: 'sprintf': This function or variable may be unsafe. Consider using sprintf_s instead. To disable deprecation, use _CRT_SECURE_NO_WARNINGS. See online help for details.
                 C:\Program Files (x86)\Microsoft Visual Studio 12.0\VC\include\stdio.h(356) : 参见“sprintf”的声明
     1>c:\workspace\dateupload\trunk\ehl.wxsdata.save\ehl.fptdata.save_wx_v0.2\lib\check_file_path.h(90): warning C4800: “BOOL”: 将值强制为布尔值“true”或“false”(性能警告)
     1>c:\workspace\dateupload\trunk\ehl.wxsdata.save\ehl.fptdata.save_wx_v0.2\lib\check_file_path.h(101): warning C4996: 'sprintf': This function or variable may be unsafe. Consider using sprintf_s instead. To disable deprecation, use _CRT_SECURE_NO_WARNINGS. See online help for details.
                 C:\Program Files (x86)\Microsoft Visual Studio 12.0\VC\include\stdio.h(356) : 参见“sprintf”的声明
     1>c:\workspace\dateupload\trunk\ehl.wxsdata.save\ehl.fptdata.save_wx_v0.2\lib\check_file_path.h(114): warning C4996: 'strcpy': This function or variable may be unsafe. Consider using strcpy_s instead. To disable deprecation, use _CRT_SECURE_NO_WARNINGS. See online help for details.
                 C:\Program Files (x86)\Microsoft Visual Studio 12.0\VC\include\string.h(112) : 参见“strcpy”的声明
     1>c:\workspace\dateupload\trunk\ehl.wxsdata.save\ehl.fptdata.save_wx_v0.2\lib\check_file_path.h(121): warning C4996: 'sprintf': This function or variable may be unsafe. Consider using sprintf_s instead. To disable deprecation, use _CRT_SECURE_NO_WARNINGS. See online help for details.
                 C:\Program Files (x86)\Microsoft Visual Studio 12.0\VC\include\stdio.h(356) : 参见“sprintf”的声明
     1>c:\workspace\dateupload\trunk\ehl.wxsdata.save\ehl.fptdata.save_wx_v0.2\lib\check_file_path.h(129): warning C4996: 'sprintf': This function or variable may be unsafe. Consider using sprintf_s instead. To disable deprecation, use _CRT_SECURE_NO_WARNINGS. See online help for details.
                 C:\Program Files (x86)\Microsoft Visual Studio 12.0\VC\include\stdio.h(356) : 参见“sprintf”的声明
     1>c:\workspace\dateupload\trunk\ehl.wxsdata.save\ehl.fptdata.save_wx_v0.2\lib\check_file_path.h(136): warning C4996: 'rmdir': The POSIX name for this item is deprecated. Instead, use the ISO C++ conformant name: _rmdir. See online help for details.
                 C:\Program Files (x86)\Microsoft Visual Studio 12.0\VC\include\direct.h(141) : 参见“rmdir”的声明
     1>c:\workspace\dateupload\trunk\ehl.wxsdata.save\ehl.fptdata.save_wx_v0.2\lib\check_file_path.h(150): warning C4996: 'sprintf': This function or variable may be unsafe. Consider using sprintf_s instead. To disable deprecation, use _CRT_SECURE_NO_WARNINGS. See online help for details.
                 C:\Program Files (x86)\Microsoft Visual Studio 12.0\VC\include\stdio.h(356) : 参见“sprintf”的声明
     1>c:\workspace\dateupload\trunk\ehl.wxsdata.save\ehl.fptdata.save_wx_v0.2\lib\check_file_path.h(156): warning C4996: 'sprintf': This function or variable may be unsafe. Consider using sprintf_s instead. To disable deprecation, use _CRT_SECURE_NO_WARNINGS. See online help for details.
                 C:\Program Files (x86)\Microsoft Visual Studio 12.0\VC\include\stdio.h(356) : 参见“sprintf”的声明
     1>c:\workspace\dateupload\trunk\ehl.wxsdata.save\ehl.fptdata.save_wx_v0.2\lib\check_file_path.h(170): warning C4996: 'strcpy': This function or variable may be unsafe. Consider using strcpy_s instead. To disable deprecation, use _CRT_SECURE_NO_WARNINGS. See online help for details.
                 C:\Program Files (x86)\Microsoft Visual Studio 12.0\VC\include\string.h(112) : 参见“strcpy”的声明
     1>c:\workspace\dateupload\trunk\ehl.wxsdata.save\ehl.fptdata.save_wx_v0.2\lib\check_file_path.h(180): warning C4996: 'sprintf': This function or variable may be unsafe. Consider using sprintf_s instead. To disable deprecation, use _CRT_SECURE_NO_WARNINGS. See online help for details.
                 C:\Program Files (x86)\Microsoft Visual Studio 12.0\VC\include\stdio.h(356) : 参见“sprintf”的声明
     1>c:\workspace\dateupload\trunk\ehl.wxsdata.save\ehl.fptdata.save_wx_v0.2\lib\write_log.h(27): warning C4996: 'sprintf': This function or variable may be unsafe. Consider using sprintf_s instead. To disable deprecation, use _CRT_SECURE_NO_WARNINGS. See online help for details.
                 C:\Program Files (x86)\Microsoft Visual Studio 12.0\VC\include\stdio.h(356) : 参见“sprintf”的声明
     1>c:\workspace\dateupload\trunk\ehl.wxsdata.save\ehl.fptdata.save_wx_v0.2\lib\write_log.h(28): warning C4996: 'sprintf': This function or variable may be unsafe. Consider using sprintf_s instead. To disable deprecation, use _CRT_SECURE_NO_WARNINGS. See online help for details.
                 C:\Program Files (x86)\Microsoft Visual Studio 12.0\VC\include\stdio.h(356) : 参见“sprintf”的声明
     1>c:\workspace\dateupload\trunk\ehl.wxsdata.save\ehl.fptdata.save_wx_v0.2\lib\write_log.h(30): warning C4996: 'sprintf': This function or variable may be unsafe. Consider using sprintf_s instead. To disable deprecation, use _CRT_SECURE_NO_WARNINGS. See online help for details.
                 C:\Program Files (x86)\Microsoft Visual Studio 12.0\VC\include\stdio.h(356) : 参见“sprintf”的声明
     1>c:\workspace\dateupload\trunk\ehl.wxsdata.save\ehl.fptdata.save_wx_v0.2\lib\write_log.h(32): warning C4996: '_open': This function or variable may be unsafe. Consider using _sopen_s instead. To disable deprecation, use _CRT_SECURE_NO_WARNINGS. See online help for details.
                 C:\Program Files (x86)\Microsoft Visual Studio 12.0\VC\include\io.h(242) : 参见“_open”的声明
     1>ehl.ftpdata.save.cpp(67): warning C4996: 'sprintf': This function or variable may be unsafe. Consider using sprintf_s instead. To disable deprecation, use _CRT_SECURE_NO_WARNINGS. See online help for details.
                 C:\Program Files (x86)\Microsoft Visual Studio 12.0\VC\include\stdio.h(356) : 参见“sprintf”的声明
     1>ehl.ftpdata.save.cpp(182): warning C4996: 'strcat': This function or variable may be unsafe. Consider using strcat_s instead. To disable deprecation, use _CRT_SECURE_NO_WARNINGS. See online help for details.
                 C:\Program Files (x86)\Microsoft Visual Studio 12.0\VC\include\string.h(118) : 参见“strcat”的声明
     1>ehl.ftpdata.save.cpp(189): warning C4996: 'sprintf': This function or variable may be unsafe. Consider using sprintf_s instead. To disable deprecation, use _CRT_SECURE_NO_WARNINGS. See online help for details.
                 C:\Program Files (x86)\Microsoft Visual Studio 12.0\VC\include\stdio.h(356) : 参见“sprintf”的声明
     1>ehl.ftpdata.save.cpp(205): warning C4996: 'sprintf': This function or variable may be unsafe. Consider using sprintf_s instead. To disable deprecation, use _CRT_SECURE_NO_WARNINGS. See online help for details.
                 C:\Program Files (x86)\Microsoft Visual Studio 12.0\VC\include\stdio.h(356) : 参见“sprintf”的声明
     1>ehl.ftpdata.save.cpp(206): warning C4996: 'strtok': This function or variable may be unsafe. Consider using strtok_s instead. To disable deprecation, use _CRT_SECURE_NO_WARNINGS. See online help for details.
                 C:\Program Files (x86)\Microsoft Visual Studio 12.0\VC\include\string.h(204) : 参见“strtok”的声明
     1>ehl.ftpdata.save.cpp(207): warning C4996: 'strtok': This function or variable may be unsafe. Consider using strtok_s instead. To disable deprecation, use _CRT_SECURE_NO_WARNINGS. See online help for details.
                 C:\Program Files (x86)\Microsoft Visual Studio 12.0\VC\include\string.h(204) : 参见“strtok”的声明
     1>ehl.ftpdata.save.cpp(212): warning C4996: 'sprintf': This function or variable may be unsafe. Consider using sprintf_s instead. To disable deprecation, use _CRT_SECURE_NO_WARNINGS. See online help for details.
                 C:\Program Files (x86)\Microsoft Visual Studio 12.0\VC\include\stdio.h(356) : 参见“sprintf”的声明
     1>ehl.ftpdata.save.cpp(248): warning C4996: 'strcat': This function or variable may be unsafe. Consider using strcat_s instead. To disable deprecation, use _CRT_SECURE_NO_WARNINGS. See online help for details.
                 C:\Program Files (x86)\Microsoft Visual Studio 12.0\VC\include\string.h(118) : 参见“strcat”的声明
     1>ehl.ftpdata.save.cpp(297): warning C4996: '_splitpath': This function or variable may be unsafe. Consider using _splitpath_s instead. To disable deprecation, use _CRT_SECURE_NO_WARNINGS. See online help for details.
                 C:\Program Files (x86)\Microsoft Visual Studio 12.0\VC\include\stdlib.h(854) : 参见“_splitpath”的声明
     1>ehl.ftpdata.save.cpp(300): warning C4996: 'strtok': This function or variable may be unsafe. Consider using strtok_s instead. To disable deprecation, use _CRT_SECURE_NO_WARNINGS. See online help for details.
                 C:\Program Files (x86)\Microsoft Visual Studio 12.0\VC\include\string.h(204) : 参见“strtok”的声明
     1>ehl.ftpdata.save.cpp(301): warning C4996: 'strtok': This function or variable may be unsafe. Consider using strtok_s instead. To disable deprecation, use _CRT_SECURE_NO_WARNINGS. See online help for details.
                 C:\Program Files (x86)\Microsoft Visual Studio 12.0\VC\include\string.h(204) : 参见“strtok”的声明
     1>ehl.ftpdata.save.cpp(302): warning C4996: 'strtok': This function or variable may be unsafe. Consider using strtok_s instead. To disable deprecation, use _CRT_SECURE_NO_WARNINGS. See online help for details.
                 C:\Program Files (x86)\Microsoft Visual Studio 12.0\VC\include\string.h(204) : 参见“strtok”的声明
     1>ehl.ftpdata.save.cpp(303): warning C4996: 'strtok': This function or variable may be unsafe. Consider using strtok_s instead. To disable deprecation, use _CRT_SECURE_NO_WARNINGS. See online help for details.
                 C:\Program Files (x86)\Microsoft Visual Studio 12.0\VC\include\string.h(204) : 参见“strtok”的声明
     1>ehl.ftpdata.save.cpp(304): warning C4996: 'strtok': This function or variable may be unsafe. Consider using strtok_s instead. To disable deprecation, use _CRT_SECURE_NO_WARNINGS. See online help for details.
                 C:\Program Files (x86)\Microsoft Visual Studio 12.0\VC\include\string.h(204) : 参见“strtok”的声明
     1>ehl.ftpdata.save.cpp(305): warning C4996: 'strtok': This function or variable may be unsafe. Consider using strtok_s instead. To disable deprecation, use _CRT_SECURE_NO_WARNINGS. See online help for details.
                 C:\Program Files (x86)\Microsoft Visual Studio 12.0\VC\include\string.h(204) : 参见“strtok”的声明
     1>ehl.ftpdata.save.cpp(306): warning C4996: 'strtok': This function or variable may be unsafe. Consider using strtok_s instead. To disable deprecation, use _CRT_SECURE_NO_WARNINGS. See online help for details.
                 C:\Program Files (x86)\Microsoft Visual Studio 12.0\VC\include\string.h(204) : 参见“strtok”的声明
     1>ehl.ftpdata.save.cpp(307): warning C4996: 'strtok': This function or variable may be unsafe. Consider using strtok_s instead. To disable deprecation, use _CRT_SECURE_NO_WARNINGS. See online help for details.
                 C:\Program Files (x86)\Microsoft Visual Studio 12.0\VC\include\string.h(204) : 参见“strtok”的声明
     1>ehl.ftpdata.save.cpp(308): warning C4996: 'strtok': This function or variable may be unsafe. Consider using strtok_s instead. To disable deprecation, use _CRT_SECURE_NO_WARNINGS. See online help for details.
                 C:\Program Files (x86)\Microsoft Visual Studio 12.0\VC\include\string.h(204) : 参见“strtok”的声明
     1>ehl.ftpdata.save.cpp(309): warning C4996: 'strtok': This function or variable may be unsafe. Consider using strtok_s instead. To disable deprecation, use _CRT_SECURE_NO_WARNINGS. See online help for details.
                 C:\Program Files (x86)\Microsoft Visual Studio 12.0\VC\include\string.h(204) : 参见“strtok”的声明
     1>ehl.ftpdata.save.cpp(310): warning C4996: 'strtok': This function or variable may be unsafe. Consider using strtok_s instead. To disable deprecation, use _CRT_SECURE_NO_WARNINGS. See online help for details.
                 C:\Program Files (x86)\Microsoft Visual Studio 12.0\VC\include\string.h(204) : 参见“strtok”的声明
     1>ehl.ftpdata.save.cpp(326): warning C4996: 'sprintf': This function or variable may be unsafe. Consider using sprintf_s instead. To disable deprecation, use _CRT_SECURE_NO_WARNINGS. See online help for details.
                 C:\Program Files (x86)\Microsoft Visual Studio 12.0\VC\include\stdio.h(356) : 参见“sprintf”的声明
     1>ehl.ftpdata.save.cpp(358): warning C4996: 'sprintf': This function or variable may be unsafe. Consider using sprintf_s instead. To disable deprecation, use _CRT_SECURE_NO_WARNINGS. See online help for details.
                 C:\Program Files (x86)\Microsoft Visual Studio 12.0\VC\include\stdio.h(356) : 参见“sprintf”的声明
     1>ehl.ftpdata.save.cpp(362): warning C4996: 'sprintf': This function or variable may be unsafe. Consider using sprintf_s instead. To disable deprecation, use _CRT_SECURE_NO_WARNINGS. See online help for details.
                 C:\Program Files (x86)\Microsoft Visual Studio 12.0\VC\include\stdio.h(356) : 参见“sprintf”的声明
     1>ehl.ftpdata.save.cpp(366): warning C4996: 'sprintf': This function or variable may be unsafe. Consider using sprintf_s instead. To disable deprecation, use _CRT_SECURE_NO_WARNINGS. See online help for details.
                 C:\Program Files (x86)\Microsoft Visual Studio 12.0\VC\include\stdio.h(356) : 参见“sprintf”的声明
     1>ehl.ftpdata.save.cpp(370): warning C4996: 'sprintf': This function or variable may be unsafe. Consider using sprintf_s instead. To disable deprecation, use _CRT_SECURE_NO_WARNINGS. See online help for details.
                 C:\Program Files (x86)\Microsoft Visual Studio 12.0\VC\include\stdio.h(356) : 参见“sprintf”的声明
     1>ehl.ftpdata.save.cpp(399): warning C4996: 'sprintf': This function or variable may be unsafe. Consider using sprintf_s instead. To disable deprecation, use _CRT_SECURE_NO_WARNINGS. See online help for details.
                 C:\Program Files (x86)\Microsoft Visual Studio 12.0\VC\include\stdio.h(356) : 参见“sprintf”的声明
     1>ehl.ftpdata.save.cpp(410): warning C4996: 'sprintf': This function or variable may be unsafe. Consider using sprintf_s instead. To disable deprecation, use _CRT_SECURE_NO_WARNINGS. See online help for details.
                 C:\Program Files (x86)\Microsoft Visual Studio 12.0\VC\include\stdio.h(356) : 参见“sprintf”的声明
     1>ehl.ftpdata.save.cpp(420): warning C4996: 'sprintf': This function or variable may be unsafe. Consider using sprintf_s instead. To disable deprecation, use _CRT_SECURE_NO_WARNINGS. See online help for details.
                 C:\Program Files (x86)\Microsoft Visual Studio 12.0\VC\include\stdio.h(356) : 参见“sprintf”的声明
     1>ehl.ftpdata.save.cpp(421): warning C4996: 'strncpy': This function or variable may be unsafe. Consider using strncpy_s instead. To disable deprecation, use _CRT_SECURE_NO_WARNINGS. See online help for details.
                 C:\Program Files (x86)\Microsoft Visual Studio 12.0\VC\include\string.h(195) : 参见“strncpy”的声明
     1>ehl.ftpdata.save.cpp(488): warning C4996: 'sprintf': This function or variable may be unsafe. Consider using sprintf_s instead. To disable deprecation, use _CRT_SECURE_NO_WARNINGS. See online help for details.
                 C:\Program Files (x86)\Microsoft Visual Studio 12.0\VC\include\stdio.h(356) : 参见“sprintf”的声明
     1>ehl.ftpdata.save.cpp(632): warning C4996: 'sprintf': This function or variable may be unsafe. Consider using sprintf_s instead. To disable deprecation, use _CRT_SECURE_NO_WARNINGS. See online help for details.
                 C:\Program Files (x86)\Microsoft Visual Studio 12.0\VC\include\stdio.h(356) : 参见“sprintf”的声明
     1>ehl.ftpdata.save.cpp(628): warning C4101: “refxml”: 未引用的局部变量
     1>ehl.ftpdata.save.cpp(693): warning C4996: '_splitpath': This function or variable may be unsafe. Consider using _splitpath_s instead. To disable deprecation, use _CRT_SECURE_NO_WARNINGS. See online help for details.
                 C:\Program Files (x86)\Microsoft Visual Studio 12.0\VC\include\stdlib.h(854) : 参见“_splitpath”的声明
     1>ehl.ftpdata.save.cpp(699): warning C4996: '_splitpath': This function or variable may be unsafe. Consider using _splitpath_s instead. To disable deprecation, use _CRT_SECURE_NO_WARNINGS. See online help for details.
                 C:\Program Files (x86)\Microsoft Visual Studio 12.0\VC\include\stdlib.h(854) : 参见“_splitpath”的声明
     1>ehl.ftpdata.save.cpp(702): warning C4996: '_splitpath': This function or variable may be unsafe. Consider using _splitpath_s instead. To disable deprecation, use _CRT_SECURE_NO_WARNINGS. See online help for details.
                 C:\Program Files (x86)\Microsoft Visual Studio 12.0\VC\include\stdlib.h(854) : 参见“_splitpath”的声明
     1>ehl.ftpdata.save.cpp(721): warning C4996: 'sprintf': This function or variable may be unsafe. Consider using sprintf_s instead. To disable deprecation, use _CRT_SECURE_NO_WARNINGS. See online help for details.
                 C:\Program Files (x86)\Microsoft Visual Studio 12.0\VC\include\stdio.h(356) : 参见“sprintf”的声明
     1>ehl.ftpdata.save.cpp(723): warning C4996: 'sprintf': This function or variable may be unsafe. Consider using sprintf_s instead. To disable deprecation, use _CRT_SECURE_NO_WARNINGS. See online help for details.
                 C:\Program Files (x86)\Microsoft Visual Studio 12.0\VC\include\stdio.h(356) : 参见“sprintf”的声明
     1>ehl.ftpdata.save.cpp(725): warning C4996: 'sprintf': This function or variable may be unsafe. Consider using sprintf_s instead. To disable deprecation, use _CRT_SECURE_NO_WARNINGS. See online help for details.
                 C:\Program Files (x86)\Microsoft Visual Studio 12.0\VC\include\stdio.h(356) : 参见“sprintf”的声明
     1>ehl.ftpdata.save.cpp(851): warning C4996: 'sprintf': This function or variable may be unsafe. Consider using sprintf_s instead. To disable deprecation, use _CRT_SECURE_NO_WARNINGS. See online help for details.
                 C:\Program Files (x86)\Microsoft Visual Studio 12.0\VC\include\stdio.h(356) : 参见“sprintf”的声明
     1>ehl.ftpdata.save.cpp(974): warning C4996: 'sprintf': This function or variable may be unsafe. Consider using sprintf_s instead. To disable deprecation, use _CRT_SECURE_NO_WARNINGS. See online help for details.
                 C:\Program Files (x86)\Microsoft Visual Studio 12.0\VC\include\stdio.h(356) : 参见“sprintf”的声明
     1>ehl.ftpdata.save.cpp(1079): warning C4996: 'sprintf': This function or variable may be unsafe. Consider using sprintf_s instead. To disable deprecation, use _CRT_SECURE_NO_WARNINGS. See online help for details.
                 C:\Program Files (x86)\Microsoft Visual Studio 12.0\VC\include\stdio.h(356) : 参见“sprintf”的声明
         chinese_code.cpp
         webref_wxtracert.cpp
     1>c:\workspace\dateupload\trunk\ehl.wxsdata.save\ehl.fptdata.save_wx_v0.2\lib\c_time.h(299): warning C4996: 'sprintf': This function or variable may be unsafe. Consider using sprintf_s instead. To disable deprecation, use _CRT_SECURE_NO_WARNINGS. See online help for details.
                 C:\Program Files (x86)\Microsoft Visual Studio 12.0\VC\include\stdio.h(356) : 参见“sprintf”的声明
     1>c:\workspace\dateupload\trunk\ehl.wxsdata.save\ehl.fptdata.save_wx_v0.2\lib\c_time.h(307): warning C4996: 'sprintf': This function or variable may be unsafe. Consider using sprintf_s instead. To disable deprecation, use _CRT_SECURE_NO_WARNINGS. See online help for details.
                 C:\Program Files (x86)\Microsoft Visual Studio 12.0\VC\include\stdio.h(356) : 参见“sprintf”的声明
     1>c:\workspace\dateupload\trunk\ehl.wxsdata.save\ehl.fptdata.save_wx_v0.2\lib\c_time.h(319): warning C4996: 'sprintf': This function or variable may be unsafe. Consider using sprintf_s instead. To disable deprecation, use _CRT_SECURE_NO_WARNINGS. See online help for details.
                 C:\Program Files (x86)\Microsoft Visual Studio 12.0\VC\include\stdio.h(356) : 参见“sprintf”的声明
     1>c:\workspace\dateupload\trunk\ehl.wxsdata.save\ehl.fptdata.save_wx_v0.2\lib\c_time.h(327): warning C4996: 'sprintf': This function or variable may be unsafe. Consider using sprintf_s instead. To disable deprecation, use _CRT_SECURE_NO_WARNINGS. See online help for details.
                 C:\Program Files (x86)\Microsoft Visual Studio 12.0\VC\include\stdio.h(356) : 参见“sprintf”的声明
     1>c:\workspace\dateupload\trunk\ehl.wxsdata.save\ehl.fptdata.save_wx_v0.2\lib\c_time.h(338): warning C4996: 'sprintf': This function or variable may be unsafe. Consider using sprintf_s instead. To disable deprecation, use _CRT_SECURE_NO_WARNINGS. See online help for details.
                 C:\Program Files (x86)\Microsoft Visual Studio 12.0\VC\include\stdio.h(356) : 参见“sprintf”的声明
     1>c:\workspace\dateupload\trunk\ehl.wxsdata.save\ehl.fptdata.save_wx_v0.2\lib\c_time.h(347): warning C4996: 'sprintf': This function or variable may be unsafe. Consider using sprintf_s instead. To disable deprecation, use _CRT_SECURE_NO_WARNINGS. See online help for details.
                 C:\Program Files (x86)\Microsoft Visual Studio 12.0\VC\include\stdio.h(356) : 参见“sprintf”的声明
     1>c:\workspace\dateupload\trunk\ehl.wxsdata.save\ehl.fptdata.save_wx_v0.2\lib\replace_info.h(30): warning C4996: 'strdup': The POSIX name for this item is deprecated. Instead, use the ISO C++ conformant name: _strdup. See online help for details.
                 C:\Program Files (x86)\Microsoft Visual Studio 12.0\VC\include\string.h(245) : 参见“strdup”的声明
     1>c:\workspace\dateupload\trunk\ehl.wxsdata.save\ehl.fptdata.save_wx_v0.2\lib\check_file_path.h(64): warning C4996: 'sprintf': This function or variable may be unsafe. Consider using sprintf_s instead. To disable deprecation, use _CRT_SECURE_NO_WARNINGS. See online help for details.
                 C:\Program Files (x86)\Microsoft Visual Studio 12.0\VC\include\stdio.h(356) : 参见“sprintf”的声明
     1>c:\workspace\dateupload\trunk\ehl.wxsdata.save\ehl.fptdata.save_wx_v0.2\lib\check_file_path.h(74): warning C4996: 'sprintf': This function or variable may be unsafe. Consider using sprintf_s instead. To disable deprecation, use _CRT_SECURE_NO_WARNINGS. See online help for details.
                 C:\Program Files (x86)\Microsoft Visual Studio 12.0\VC\include\stdio.h(356) : 参见“sprintf”的声明
     1>c:\workspace\dateupload\trunk\ehl.wxsdata.save\ehl.fptdata.save_wx_v0.2\lib\check_file_path.h(90): warning C4800: “BOOL”: 将值强制为布尔值“true”或“false”(性能警告)
     1>c:\workspace\dateupload\trunk\ehl.wxsdata.save\ehl.fptdata.save_wx_v0.2\lib\check_file_path.h(101): warning C4996: 'sprintf': This function or variable may be unsafe. Consider using sprintf_s instead. To disable deprecation, use _CRT_SECURE_NO_WARNINGS. See online help for details.
                 C:\Program Files (x86)\Microsoft Visual Studio 12.0\VC\include\stdio.h(356) : 参见“sprintf”的声明
     1>c:\workspace\dateupload\trunk\ehl.wxsdata.save\ehl.fptdata.save_wx_v0.2\lib\check_file_path.h(114): warning C4996: 'strcpy': This function or variable may be unsafe. Consider using strcpy_s instead. To disable deprecation, use _CRT_SECURE_NO_WARNINGS. See online help for details.
                 C:\Program Files (x86)\Microsoft Visual Studio 12.0\VC\include\string.h(112) : 参见“strcpy”的声明
     1>c:\workspace\dateupload\trunk\ehl.wxsdata.save\ehl.fptdata.save_wx_v0.2\lib\check_file_path.h(121): warning C4996: 'sprintf': This function or variable may be unsafe. Consider using sprintf_s instead. To disable deprecation, use _CRT_SECURE_NO_WARNINGS. See online help for details.
                 C:\Program Files (x86)\Microsoft Visual Studio 12.0\VC\include\stdio.h(356) : 参见“sprintf”的声明
     1>c:\workspace\dateupload\trunk\ehl.wxsdata.save\ehl.fptdata.save_wx_v0.2\lib\check_file_path.h(129): warning C4996: 'sprintf': This function or variable may be unsafe. Consider using sprintf_s instead. To disable deprecation, use _CRT_SECURE_NO_WARNINGS. See online help for details.
                 C:\Program Files (x86)\Microsoft Visual Studio 12.0\VC\include\stdio.h(356) : 参见“sprintf”的声明
     1>c:\workspace\dateupload\trunk\ehl.wxsdata.save\ehl.fptdata.save_wx_v0.2\lib\check_file_path.h(136): warning C4996: 'rmdir': The POSIX name for this item is deprecated. Instead, use the ISO C++ conformant name: _rmdir. See online help for details.
                 C:\Program Files (x86)\Microsoft Visual Studio 12.0\VC\include\direct.h(141) : 参见“rmdir”的声明
     1>c:\workspace\dateupload\trunk\ehl.wxsdata.save\ehl.fptdata.save_wx_v0.2\lib\check_file_path.h(150): warning C4996: 'sprintf': This function or variable may be unsafe. Consider using sprintf_s instead. To disable deprecation, use _CRT_SECURE_NO_WARNINGS. See online help for details.
                 C:\Program Files (x86)\Microsoft Visual Studio 12.0\VC\include\stdio.h(356) : 参见“sprintf”的声明
     1>c:\workspace\dateupload\trunk\ehl.wxsdata.save\ehl.fptdata.save_wx_v0.2\lib\check_file_path.h(156): warning C4996: 'sprintf': This function or variable may be unsafe. Consider using sprintf_s instead. To disable deprecation, use _CRT_SECURE_NO_WARNINGS. See online help for details.
                 C:\Program Files (x86)\Microsoft Visual Studio 12.0\VC\include\stdio.h(356) : 参见“sprintf”的声明
     1>c:\workspace\dateupload\trunk\ehl.wxsdata.save\ehl.fptdata.save_wx_v0.2\lib\check_file_path.h(170): warning C4996: 'strcpy': This function or variable may be unsafe. Consider using strcpy_s instead. To disable deprecation, use _CRT_SECURE_NO_WARNINGS. See online help for details.
                 C:\Program Files (x86)\Microsoft Visual Studio 12.0\VC\include\string.h(112) : 参见“strcpy”的声明
     1>c:\workspace\dateupload\trunk\ehl.wxsdata.save\ehl.fptdata.save_wx_v0.2\lib\check_file_path.h(180): warning C4996: 'sprintf': This function or variable may be unsafe. Consider using sprintf_s instead. To disable deprecation, use _CRT_SECURE_NO_WARNINGS. See online help for details.
                 C:\Program Files (x86)\Microsoft Visual Studio 12.0\VC\include\stdio.h(356) : 参见“sprintf”的声明
     1>c:\workspace\dateupload\trunk\ehl.wxsdata.save\ehl.fptdata.save_wx_v0.2\webref\wxtracert\../../lib/write_log.h(27): warning C4996: 'sprintf': This function or variable may be unsafe. Consider using sprintf_s instead. To disable deprecation, use _CRT_SECURE_NO_WARNINGS. See online help for details.
                 C:\Program Files (x86)\Microsoft Visual Studio 12.0\VC\include\stdio.h(356) : 参见“sprintf”的声明
     1>c:\workspace\dateupload\trunk\ehl.wxsdata.save\ehl.fptdata.save_wx_v0.2\webref\wxtracert\../../lib/write_log.h(28): warning C4996: 'sprintf': This function or variable may be unsafe. Consider using sprintf_s instead. To disable deprecation, use _CRT_SECURE_NO_WARNINGS. See online help for details.
                 C:\Program Files (x86)\Microsoft Visual Studio 12.0\VC\include\stdio.h(356) : 参见“sprintf”的声明
     1>c:\workspace\dateupload\trunk\ehl.wxsdata.save\ehl.fptdata.save_wx_v0.2\webref\wxtracert\../../lib/write_log.h(30): warning C4996: 'sprintf': This function or variable may be unsafe. Consider using sprintf_s instead. To disable deprecation, use _CRT_SECURE_NO_WARNINGS. See online help for details.
                 C:\Program Files (x86)\Microsoft Visual Studio 12.0\VC\include\stdio.h(356) : 参见“sprintf”的声明
     1>c:\workspace\dateupload\trunk\ehl.wxsdata.save\ehl.fptdata.save_wx_v0.2\webref\wxtracert\../../lib/write_log.h(32): warning C4996: '_open': This function or variable may be unsafe. Consider using _sopen_s instead. To disable deprecation, use _CRT_SECURE_NO_WARNINGS. See online help for details.
                 C:\Program Files (x86)\Microsoft Visual Studio 12.0\VC\include\io.h(242) : 参见“_open”的声明
     1>webref\wxtracert\webref_wxtracert.cpp(120): warning C4996: 'sprintf': This function or variable may be unsafe. Consider using sprintf_s instead. To disable deprecation, use _CRT_SECURE_NO_WARNINGS. See online help for details.
                 C:\Program Files (x86)\Microsoft Visual Studio 12.0\VC\include\stdio.h(356) : 参见“sprintf”的声明
     1>webref\wxtracert\webref_wxtracert.cpp(142): warning C4996: 'sprintf': This function or variable may be unsafe. Consider using sprintf_s instead. To disable deprecation, use _CRT_SECURE_NO_WARNINGS. See online help for details.
                 C:\Program Files (x86)\Microsoft Visual Studio 12.0\VC\include\stdio.h(356) : 参见“sprintf”的声明
     1>webref\wxtracert\webref_wxtracert.cpp(154): warning C4996: 'sprintf': This function or variable may be unsafe. Consider using sprintf_s instead. To disable deprecation, use _CRT_SECURE_NO_WARNINGS. See online help for details.
                 C:\Program Files (x86)\Microsoft Visual Studio 12.0\VC\include\stdio.h(356) : 参见“sprintf”的声明
       ResourceCompile:
         C:\Program Files (x86)\Windows Kits\8.1\bin\x86\rc.exe /l"0x0409" /nologo /fo"Release\ehl.ftpdata.save.res" ehl.ftpdata.save.rc 
       Link:
         C:\Program Files (x86)\Microsoft Visual Studio 12.0\VC\bin\link.exe /ERRORREPORT:PROMPT /OUT:"C:\workspace\DateUpload\trunk\ehl.wxsdata.save\ehl.fptdata.save_wx_v0.2\Release\..\..\relase\ehl.wxsdata.save.dll" /NOLOGO ws2_32.lib Shlwapi.lib lib\iconv.lib kernel32.lib user32.lib gdi32.lib winspool.lib comdlg32.lib advapi32.lib shell32.lib ole32.lib oleaut32.lib uuid.lib odbc32.lib odbccp32.lib /DEF:"ehl_ftpdata_save.def" /MANIFEST:NO /PDB:"C:\workspace\DateUpload\trunk\ehl.wxsdata.save\ehl.fptdata.save_wx_v0.2\Release\..\..\relase\ehl.wxsdata.save.pdb" /SUBSYSTEM:CONSOLE /OPT:ICF /LTCG /TLBID:1 /DYNAMICBASE /NXCOMPAT /IMPLIB:"C:\workspace\DateUpload\trunk\ehl.wxsdata.save\ehl.fptdata.save_wx_v0.2\Release\..\..\relase\ehl.wxsdata.save.lib" /MACHINE:X86 /SAFESEH /DLL Release\ehl.ftpdata.save.res
         Release\ehl.ftpdata.save.obj
         Release\chinese_code.obj
         Release\webref_wxtracert.obj
         lib\iconv.lib
         webref\wxtracert\HTAgent.lib
            正在创建库 C:\workspace\DateUpload\trunk\ehl.wxsdata.save\ehl.fptdata.save_wx_v0.2\Release\..\..\relase\ehl.wxsdata.save.lib 和对象 C:\workspace\DateUpload\trunk\ehl.wxsdata.save\ehl.fptdata.save_wx_v0.2\Release\..\..\relase\ehl.wxsdata.save.exp
         正在生成代码
         已完成代码的生成
         ehl.fptdata.save.vcxproj -> C:\workspace\DateUpload\trunk\ehl.wxsdata.save\ehl.fptdata.save_wx_v0.2\Release\..\..\relase\ehl.wxsdata.save.dll
     1>已完成生成项目“C:\workspace\DateUpload\trunk\ehl.wxsdata.save\ehl.fptdata.save_wx_v0.2\ehl.fptdata.save.vcxproj”(Rebuild 个目标)的操作。

生成成功。

已用时间 00:00:04.95
